<?xml version="1.0" encoding="UTF-8"?>
<!-- Generated by org.testng.reporters.JUnitReportReporter -->
<testsuite hostname="Rasel" name="upskill.dummy.restAssuredTest.PostNewEmployeeRecords" tests="1" failures="0" timestamp="5 May 2022 01:37:09 GMT" time="1.779" errors="0">
  <testcase name="postNewEmployeeDetails" time="1.779" classname="upskill.dummy.restAssuredTest.PostNewEmployeeRecords"/>
</testsuite> <!-- upskill.dummy.restAssuredTest.PostNewEmployeeRecords -->
