<?xml version="1.0" encoding="UTF-8"?>
<!-- Generated by org.testng.reporters.JUnitReportReporter -->
<testsuite hostname="Rasel" name="upskill.dummy.restAssuredTest.GetAllEmployeeRecords" tests="2" failures="0" timestamp="5 May 2022 00:45:17 GMT" time="1.532" errors="0">
  <testcase name="GetAllEmployeeDetails" time="1.212" classname="upskill.dummy.restAssuredTest.GetAllEmployeeRecords"/>
  <testcase name="GetAllEmployeeDetails2" time="0.320" classname="upskill.dummy.restAssuredTest.GetAllEmployeeRecords"/>
</testsuite> <!-- upskill.dummy.restAssuredTest.GetAllEmployeeRecords -->
