<?xml version="1.0" encoding="UTF-8"?>
<!-- Generated by org.testng.reporters.JUnitReportReporter -->
<testsuite hostname="Rasel" name="upskill.dummy.restAssuredTest.PostEmployeeRecords" tests="1" failures="0" timestamp="21 Apr 2022 17:54:04 GMT" time="1.100" errors="0">
  <testcase name="PostEmployeeDetails" time="1.100" classname="upskill.dummy.restAssuredTest.PostEmployeeRecords"/>
</testsuite> <!-- upskill.dummy.restAssuredTest.PostEmployeeRecords -->
